[21:58:17] [ServerMain/INFO]: Environment: Environment[sessionHost=https://sessionserver.mojang.com, servicesHost=https://api.minecraftservices.com, name=PROD]
[21:58:18] [ServerMain/INFO]: No existing world data, creating new world
[21:58:18] [ServerMain/INFO]: Loaded 1175 recipes
[21:58:18] [ServerMain/INFO]: Loaded 1276 advancements
[21:58:19] [Server thread/INFO]: Starting minecraft server version 1.20.6
[21:58:19] [Server thread/INFO]: Loading properties
[21:58:19] [Server thread/INFO]: Default game type: SURVIVAL
[21:58:19] [Server thread/INFO]: Generating keypair
[21:58:19] [Server thread/INFO]: Starting Minecraft server on *:25565
[21:58:19] [Server thread/INFO]: Using epoll channel type
[21:58:19] [Server thread/WARN]: **** SERVER IS RUNNING IN OFFLINE/INSECURE MODE!
[21:58:19] [Server thread/WARN]: The server will make no attempt to authenticate usernames. Beware.
[21:58:19] [Server thread/WARN]: While this makes the game possible to play without internet access, it also opens up the ability for hackers to connect with any username they choose.
[21:58:19] [Server thread/WARN]: To change this, set "online-mode" to "true" in the server.properties file.
[21:58:19] [Server thread/INFO]: Preparing level "world"
[21:58:25] [Server thread/INFO]: Preparing start region for dimension minecraft:overworld
[21:58:25] [Worker-Main-2/INFO]: Preparing spawn area: 2%
[21:58:26] [Worker-Main-2/INFO]: Preparing spawn area: 2%
[21:58:26] [Worker-Main-3/INFO]: Preparing spawn area: 2%
[21:58:26] [Worker-Main-2/INFO]: Preparing spawn area: 8%
[21:58:27] [Worker-Main-2/INFO]: Preparing spawn area: 18%
[21:58:27] [Worker-Main-2/INFO]: Preparing spawn area: 18%
[21:58:28] [Worker-Main-1/INFO]: Preparing spawn area: 36%
[21:58:28] [Worker-Main-2/INFO]: Preparing spawn area: 51%
[21:58:29] [Worker-Main-2/INFO]: Preparing spawn area: 59%
[21:58:30] [Worker-Main-3/INFO]: Preparing spawn area: 91%
[21:58:30] [Server thread/INFO]: Time elapsed: 4659 ms
[21:58:30] [Server thread/INFO]: Done (10.576s)! For help, type "help"
[21:58:55] [Server thread/INFO]: jniorv[/10.147.20.104:61260] logged in with entity id 28 at (-264.5, 66.0, -212.5)
[21:58:55] [Server thread/INFO]: jniorv joined the game
[22:01:24] [Server thread/INFO]: jniorv lost connection: Disconnected
[22:01:24] [Server thread/INFO]: jniorv left the game
